Mono path[0] = 'C:/Users/JoshC/Desktop/ml-agents/training-envs-executables/SoccerTwos/SoccerTwos/SoccerTwos_Data/Managed'
Mono config path = 'C:/Users/JoshC/Desktop/ml-agents/training-envs-executables/SoccerTwos/SoccerTwos/MonoBleedingEdge/etc'
Initialize engine version: 2021.3.14f1 (eee1884e7226)
[Subsystems] Discovering subsystems at path C:/Users/JoshC/Desktop/ml-agents/training-envs-executables/SoccerTwos/SoccerTwos/SoccerTwos_Data/UnitySubsystems
Forcing GfxDevice: Null
GfxDevice: creating device client; threaded=0; jobified=0
NullGfxDevice:
    Version:  NULL 1.0 [1.0]
    Renderer: Null Device
    Vendor:   Unity Technologies
Begin MonoManager ReloadAssembly
- Completed reload, in  0.070 seconds
ERROR: Shader Sprites/Default shader is not supported on this GPU (none of subshaders/fallbacks are suitable)
Microsoft Media Foundation video decoding to texture disabled: graphics device is Null, only Direct3D 11 and Direct3D 12 (only on desktop) are supported for hardware-accelerated video decoding.
ERROR: Shader Sprites/Mask shader is not supported on this GPU (none of subshaders/fallbacks are suitable)
ERROR: Shader Legacy Shaders/VertexLit shader is not supported on this GPU (none of subshaders/fallbacks are suitable)
WARNING: Shader Unsupported: 'Standard (Specular setup)' - All subshaders removed
WARNING: Shader Did you use #pragma only_renderers and omit this platform?
WARNING: Shader If subshaders removal was intentional, you may have forgotten turning Fallback off?
ERROR: Shader Standard (Specular setup) shader is not supported on this GPU (none of subshaders/fallbacks are suitable)
WARNING: Shader Unsupported: 'Standard (Specular setup)' - All subshaders removed
WARNING: Shader Did you use #pragma only_renderers and omit this platform?
WARNING: Shader If subshaders removal was intentional, you may have forgotten turning Fallback off?
WARNING: Shader Unsupported: 'Autodesk Interactive' - All subshaders removed
WARNING: Shader Did you use #pragma only_renderers and omit this platform?
WARNING: Shader If subshaders removal was intentional, you may have forgotten turning Fallback off?
ERROR: Shader Autodesk Interactive shader is not supported on this GPU (none of subshaders/fallbacks are suitable)
WARNING: Shader Unsupported: 'Autodesk Interactive' - All subshaders removed
WARNING: Shader Did you use #pragma only_renderers and omit this platform?
WARNING: Shader If subshaders removal was intentional, you may have forgotten turning Fallback off?
WARNING: Shader Unsupported: 'Standard' - All subshaders removed
WARNING: Shader Did you use #pragma only_renderers and omit this platform?
WARNING: Shader If subshaders removal was intentional, you may have forgotten turning Fallback off?
ERROR: Shader Standard shader is not supported on this GPU (none of subshaders/fallbacks are suitable)
WARNING: Shader Unsupported: 'Standard' - All subshaders removed
WARNING: Shader Did you use #pragma only_renderers and omit this platform?
WARNING: Shader If subshaders removal was intentional, you may have forgotten turning Fallback off?
UnloadTime: 0.755000 ms
Registered Communicator in Agent.
ERROR: Shader UI/Default shader is not supported on this GPU (none of subshaders/fallbacks are suitable)
TOO LONG
TOO LONG
TOO LONG
TOO LONG
TOO LONG
TOO LONG
TOO LONG
TOO LONG
TOO LONG
TOO LONG
TOO LONG
TOO LONG
TOO LONG
TOO LONG
TOO LONG
TOO LONG
TOO LONG
TOO LONG
TOO LONG
TOO LONG
TOO LONG
TOO LONG
TOO LONG
TOO LONG
TOO LONG
TOO LONG
TOO LONG
TOO LONG
TOO LONG
TOO LONG
TOO LONG
TOO LONG
TOO LONG
TOO LONG
TOO LONG
TOO LONG
TOO LONG
TOO LONG
TOO LONG
TOO LONG
TOO LONG
TOO LONG
TOO LONG
TOO LONG
TOO LONG
TOO LONG
TOO LONG
TOO LONG
TOO LONG
TOO LONG
TOO LONG
TOO LONG
TOO LONG
TOO LONG
TOO LONG
TOO LONG
TOO LONG
TOO LONG
TOO LONG
TOO LONG
TOO LONG
TOO LONG
TOO LONG
TOO LONG
TOO LONG
TOO LONG
TOO LONG
TOO LONG
TOO LONG
TOO LONG
TOO LONG
TOO LONG
TOO LONG
TOO LONG
TOO LONG
TOO LONG
TOO LONG
TOO LONG
TOO LONG
TOO LONG
TOO LONG
TOO LONG
TOO LONG
TOO LONG
TOO LONG
TOO LONG
TOO LONG
TOO LONG
TOO LONG
TOO LONG
TOO LONG
TOO LONG
TOO LONG
TOO LONG
TOO LONG
TOO LONG
TOO LONG
TOO LONG
TOO LONG
TOO LONG
TOO LONG
TOO LONG
TOO LONG
TOO LONG
TOO LONG
TOO LONG
TOO LONG
TOO LONG
TOO LONG
TOO LONG
TOO LONG
TOO LONG
TOO LONG
TOO LONG
TOO LONG
TOO LONG
TOO LONG
TOO LONG
TOO LONG
TOO LONG
TOO LONG
TOO LONG
TOO LONG
TOO LONG
TOO LONG
TOO LONG
TOO LONG
TOO LONG
TOO LONG
TOO LONG
TOO LONG
TOO LONG
TOO LONG
TOO LONG
TOO LONG
TOO LONG
TOO LONG
TOO LONG
TOO LONG
TOO LONG
TOO LONG
TOO LONG
TOO LONG
TOO LONG
TOO LONG
TOO LONG
TOO LONG
TOO LONG
TOO LONG
TOO LONG
TOO LONG
TOO LONG
TOO LONG
TOO LONG
TOO LONG
TOO LONG
TOO LONG
TOO LONG
TOO LONG
TOO LONG
TOO LONG
TOO LONG
TOO LONG
TOO LONG
TOO LONG
TOO LONG
TOO LONG
TOO LONG
TOO LONG
TOO LONG
TOO LONG
TOO LONG
TOO LONG
TOO LONG
TOO LONG
TOO LONG
TOO LONG
TOO LONG
TOO LONG
TOO LONG
TOO LONG
TOO LONG
TOO LONG
TOO LONG
TOO LONG
TOO LONG
TOO LONG
TOO LONG
TOO LONG
TOO LONG
TOO LONG
TOO LONG
TOO LONG
TOO LONG
TOO LONG
TOO LONG
TOO LONG
TOO LONG
TOO LONG
TOO LONG
TOO LONG
TOO LONG
TOO LONG
TOO LONG
TOO LONG
TOO LONG
TOO LONG
TOO LONG
TOO LONG
TOO LONG
TOO LONG
TOO LONG
TOO LONG
TOO LONG
TOO LONG
TOO LONG
TOO LONG
TOO LONG
TOO LONG
TOO LONG
TOO LONG
TOO LONG
TOO LONG
TOO LONG
TOO LONG
TOO LONG
TOO LONG
TOO LONG
TOO LONG
TOO LONG
TOO LONG
TOO LONG
TOO LONG
TOO LONG
TOO LONG
TOO LONG
TOO LONG
TOO LONG
TOO LONG
TOO LONG
TOO LONG
TOO LONG
TOO LONG
TOO LONG
TOO LONG
TOO LONG
TOO LONG
TOO LONG
TOO LONG
TOO LONG
TOO LONG
TOO LONG
TOO LONG
TOO LONG
TOO LONG
TOO LONG
TOO LONG
TOO LONG
TOO LONG
TOO LONG
TOO LONG
TOO LONG
TOO LONG
TOO LONG
TOO LONG
TOO LONG
TOO LONG
TOO LONG
TOO LONG
TOO LONG
TOO LONG
TOO LONG
TOO LONG
TOO LONG
TOO LONG
TOO LONG
TOO LONG
TOO LONG
TOO LONG
TOO LONG
TOO LONG
TOO LONG
TOO LONG
TOO LONG
TOO LONG
TOO LONG
TOO LONG
TOO LONG
TOO LONG
TOO LONG
TOO LONG
TOO LONG
TOO LONG
TOO LONG
TOO LONG
TOO LONG
TOO LONG
TOO LONG
TOO LONG
TOO LONG
TOO LONG
TOO LONG
TOO LONG
TOO LONG
TOO LONG
TOO LONG
TOO LONG
TOO LONG
TOO LONG
TOO LONG
TOO LONG
TOO LONG
TOO LONG
TOO LONG
